slurmstepd: error: *** JOB 9541585 ON elf17 CANCELLED AT 2020-05-13T18:56:08 ***
pd: error: *** JOB 9541584 ON elf25 CANCELLED AT 2020-05-13T18:56:06 ***
500008: 5937
500008-500009: -15051
500009-500010: 5496
500010-500011: -5488
500011-500012: 2876
500012-500013: 10378
500013-500014: -4555
500014-500015: -9213
500015-500016: 4325
500016-500017: -10147
500017-500018: 17804
500018-500019: -88264
500019-500020: 58144
500020-500021: 31624
500021-500022: -101764
500022-500023: 100897
500023-500024: 3008
500024-500025: -11632
500025-500026: -10500
500026-500027: 16244
500027-500028: -4682
500028-500029: 9964
500029-500030: -128297
500030-500031: 47409
500031-500032: 73068
500032-500033: -20963
500033-500034: 28595
500034-500035: -9835
500035-500036: -28903
500036-500037: 37278
500037-500038: -6445
500038-500039: -20356
500039-500040: 3061
500040-500041: -39282
500041-500042: 24771
500042-500043: -13872
500043-500044: 48198
500044-500045: -128977
500045-500046: 121997
500046-500047: 13807
500047-500048: -9054
500048-500049: -6334
500049-500050: 61
500050-500051: 12732
500051-500052: -161422
500052-500053: 158077
500053-500054: 9707
500054-500055: -12088
500055-500056: -1824
500056-500057: 367
500057-500058: 7981
500058-500059: 4228
500059-500060: -5933
500060-500061: 4938
500061-500062: -5864
500062-500063: -1772
500063-500064: -9264
500064-500065: -139138
500065-500066: 151242
500066-500067: -123056
500067-500068: 117653
500068-500069: 4380
500069-500070: -11643
500070-500071: -49581
500071-500072: 55092
500072-500073: -52460
500073-500074: 56020
500074-500075: 3805
500075-500076: 711
500076-500077: -12439
500077-500078: 9649
500078-500079: -518
500079-500080: -83062
500080-500081: 75619
500081-500082: -33594
500082-500083: 44283
500083-500084: 4419
500084-500085: -1724
500085-500086: -4938
500086-500087: -60097
500087-500088: -4993
500088-500089: 63997
500089-500090: 3161
500090-500091: 6002
500091-500092: -5753
500092-500093: -18679
500093-500094: 13979
500094-500095: 6268
500095-500096: 217
500096-500097: -2581
500097-500098: -150044
500098-500099: 143537
500099-500100: 4415
500100-500101: -37789
500101-500102: -37712
500102-500103: 78902
500103-500104: -82442
500104-500105: 84211
500105-500106: -10113
500106-500107: -84985
500107-500108: 2475
500108-500109: 93930
500109-500110: -2444
500110-500111: -698
500111-500112: -3559
500112-500113: -47188
500113-500114: -111604
500114-500115: 153848
500115-500116: 12487
500116-500117: -12661
500117-500118: 5099
500118-500119: -3289
500119-500120: -3730
500120-500121: 11027
500121-500122: 2107
500122-500123: -21664
500123-500124: -56946
500124-500125: 77623
500125-500126: -3779
500126-500127: -101755
500127-500128: 79261
500128-500129: -119682
500129-500130: 145411
500130-500131: -77104
500131-500132: 32958
500132-500133: 45092
500133-500134: -63255
500134-500135: 52922
500135-500136: 12965
500136-500137: -22615
500137-500138: 15071
500138-500139: 7191
500139-500140: -8662
500140-500141: -105384
500141-500142: 29048
500142-500143: 20143
500143-500144: 49972
500144-500145: -58167
500145-500146: 71888
500146-500147: -226
500147-500148: -9247
500148-500149: 674
500149-500150: 2695
500150-500151: -2900
500151-500152: 4235
500152-500153: -641
500153-500154: 4262
500154-500155: 1768
500155-500156: -5647
500156-500157: 3813
500157-500158: -122430
500158-500159: 129554
500159-500160: -13112
500160-500161: 3143
500161-500162: 223
500162-500163: -3459
500163-500164: 4331
500164-500165: 3462
500165-500166: -58067
500166-500167: 732
500167-500168: 54926
500168-500169: -3450
500169-500170: -413
500170-500171: -33577
500171-500172: 7616
500172-500173: 32589
500173-500174: -15144
500174-500175: 3946
500175-500176: 9111
500176-500177: -1362
500177-500178: -155900
500178-500179: 159667
500179-500180: -2136
500180-500181: -151287
500181-500182: 109898
500182-500183: -15980
500183-500184: 43172
500184-500185: 19493
500185-500186: -6089
500186-500187: -11046
500187-500188: 5302
500188-500189: 7662
500189-500190: -49859
500190-500191: 52705
500191-500192: -4069
500192-500193: -111912
0-1: -32923
1-2: 144845
2-3: -54368
3-4: 71061
4-5: -2101
5-6: 2187
6-7: 3137
7-8: -6344
8-9: 4350
9-10: -4558
10-11: -3039
11-12: -135433
12-13: 135721
13-14: -154007
14-15: 164651
15-16: -156641
16-17: 4546
17-18: -14809
18-19: 26528
19-20: -6322
20-21: 138054
21-22: -35903
22-23: 14261
23-24: -130131
24-25: 159709
25-26: -150417
26-27: 141415
27-28: -3493
28-29: -127309
29-30: -12523
30-31: 145174
31-32: -28979
32-33: -104102
33-34: 117276
34-35: 15487
35-36: -136449
36-37: 144032
37-38: 1779
38-39: -156143
39-40: 135656
40-41: -139426
41-42: -5371
42-43: -2978
43-44: 72240
44-45: 63548
45-46: -101234
46-47: 87363
47-48: 47957
48-49: -6798
49-50: 3632
50-51: -4848
51-52: -1142
52-53: -8649
53-54: 7922
54-55: -51154
55-56: -53536
56-57: 101903
57-58: 1960
58-59: 2559
59-60: 4652
60-61: -130896
61-62: 127862
62-63: -148807
63-64: 149376
64-65: -114949
65-66: 78167
66-67: 37373
67-68: -13089
68-69: -2828
69-70: 13441
70-71: -5746
71-72: 7857
72-73: -10427
73-74: -2989
74-75: 15303
75-76: -4043
76-77: -71966
77-78: -56251
78-79: 128003
79-80: -99641
80-81: 2498
81-82: 112661
82-83: -14361
83-84: -36885
84-85: 14814
85-86: 15297
86-87: -9776
87-88: -50498
88-89: 69617
89-90: -1034
90-91: -79714
91-92: -49706
92-93: 80504
93-94: 23558
94-95: 23559
95-96: -8407
96-97: 4460
97-98: -1658
98-99: -12984
99-100: 12849
100-101: 7129
101-102: -2082
102-103: -8095
103-104: 2127
104-105: 848
105-106: -123690
106-107: 123113
107-108: -19939
108-109: 16812
109-110: 5907
110-111: -2357
111-112: 2867
112-113: -3735
113-114: -18
114-115: -32050
115-116: 30131
116-117: 2127
117-118: -167294
118-119: 166281
119-120: 976
120-121: 8117
121-122: -5344
122-123: -89145
123-124: 89845
124-125: -35013
125-126: 28797
126-127: 4995
127-128: 3498
128-129: -5950
129-130: -10929
130-131: 20031
131-132: -18029
132-133: 18185
133-134: -11900
134-135: 9800
135-136: -151385
136-137: 144056
137-138: -20134
138-139: 28431
139-140: -11883
140-141: -24886
141-142: 33130
142-143: -12812
143-144: 11943
144-145: 6320
145-146: -8942
146-147: 3917
147-148: -4124
148-149: -132431
149-150: 131744
150-151: -6642
151-152: 5766
152-153: -63631
153-154: 61833
154-155: -847
155-156: -51847
156-157: -114
157-158: -23925
158-159: 73344
159-160: 559
160-161: 1967
161-162: -26484
162-163: 21857
163-164: 12230
164-165: 1383
165-166: 781
166-167: -4232
167-168: -139933
168-169: 141920
169-170: -5809
170-171: -1941
171-172: 11294
172-173: -9335
173-174: 4048
174-175: -7631
175-176: 7725
176-177: -93904
177-178: 91244
178-179: 5894
179-180: -6634
180-181: 8626
181-182: -13602
182-183: 9728
183-184: -2627
184-185: 504
185-186: 339
186-187: -12946
187-188: 18749
188-189: -27393
189-190: 19919
190-191: -14139
191-192: -113710
192-193: 130454
193-194: 2596
194-195: -20647
195-196: -97902
196-197: 115893
197-198: -101283
198-199: 103279
199-200: -2254
200-201: -3576
201-202: 4266
202-203: -304
203-204: 2396
204-205: -1820
205-206: -2137
206-207: -123488
207-208: 128346
208-209: -4905
209-210: -119189
210-211: 118201
211-212: -110950
212-213: 84972
213-214: 20835
214-215: 9126
215-216: -146818
216-217: 145307
217-218: 4934
218-219: -34521
219-220: 29835
220-221: 2820
221-222: -16216
222-223: 17609
223-224: -69966
224-225: 63643
225-226: -3710
226-227: 7957
227-228: -151786
228-229: 151168
229-230: -51412
230-231: 51399
231-232: -75655
232-233: 73505
233-234: -13174
234-235: -133873
235-236: 121320
236-237: 29221
237-238: -8913
238-239: -704
239-240: -131356
240-241: 3894
241-242: 125858
242-243: -7141
243-244: -77901
244-245: -25001
245-246: 1392
246-247: 1363
247-248: -1948
248-249: -72
249-250: 176
250-251: 436
251-252: -948
252-253: 2649
253-254: -1393
254-255: -260
255-256: -588
256-257: 1302
257-258: -363
258-259: 117583
259-260: -142360
260-261: 101000
261-262: -116105
262-263: 93519
263-264: 20327
264-265: -33501
265-266: 61807
266-267: -122766
267-268: 44726
268-269: 84082
269-270: -16130
270-271: -40750
271-272: 59116
272-273: 11566
273-274: -117900
274-275: 115340
275-276: -51314
276-277: -99426
277-278: 115710
278-279: 14073
279-280: 5031
280-281: 11516
281-282: -92100
282-283: 85878
283-284: -79446
284-285: 78360
285-286: 9545
286-287: -1636
287-288: 7888
288-289: -17973
289-290: 2060
290-291: -4617
291-292: -68795
292-293: 57505
293-294: 21634
294-295: -16084
295-296: 15891
296-297: 10205
297-298: -162
298-299: -42081
299-300: 34808
300-301: -58047
301-302: -111496
302-303: 71090
303-304: 70197
304-305: 27702
305-306: -96296
306-307: 99983
307-308: 412
308-309: -6603
309-310: 4853
310-311: -5437
311-312: -1743
312-313: -8750
313-314: 16930
314-315: 3947
315-316: -13538
316-317: -6512
317-318: -79187
318-319: 96753
319-320: -4312
320-321: -2960
321-322: 4794
322-323: -85943
323-324: 75901
324-325: 12342
325-326: 3305
326-327: -25943
327-328: -71486
328-329: 90341
329-330: -39650
330-331: 40205
331-332: -65790
332-333: 71256
333-334: 1149
334-335: -4776
335-336: -63197
336-337: 67288
337-338: -26578
338-339: 22899
339-340: -20167
340-341: -109070
341-342: 128513
342-343: -3516
343-344: -37457
344-345: 30301
345-346: 10672
346-347: -12667
347-348: 11574
348-349: 7145
349-350: -4020
350-351: -3196
351-352: -129424
352-353: 116380
353-354: -134106
354-355: 133803
355-356: 2202
356-357: -20704
357-358: 34393
358-359: -1478
359-360: 448
360-361: -41297
361-362: -583
362-363: 47008
363-364: 4413
364-365: -13473
365-366: -42564
366-367: 48033
367-368: 879
368-369: -44952
369-370: 46222
370-371: -13027
371-372: -723
372-373: -2386
373-374: -94016
374-375: 104453
375-376: -54833
376-377: 61927
377-378: -9680
378-379: -7790
379-380: 2793
380-381: -73892
381-382: 82909
382-383: -1161
383-384: -1626
384-385: 4930
385-386: -9381
386-387: 7994
387-388: -3416
388-389: -280
389-390: -4708
390-391: 748
391-392: 1423
392-393: -81183
393-394: 70663
394-395: 17445
395-396: -2143
396-397: -99896
397-398: 5489
398-399: 25948
399-400: 54684
400-401: 4969
401-402: -27622
402-403: -9908
403-404: 41603
404-405: 1401
405-406: -133197
406-407: 143802
407-408: 1126
408-409: -141987
409-410: 118709
410-411: 2461
411-412: 15864
412-413: 1867
413-414: -1516
414-415: 1091
415-416: -166617
416-417: 164741
417-418: -12522
418-419: 14225
419-420: -12904
420-421: -6439
421-422: -105933
422-423: 36627
423-424: 79044
424-425: -450
425-426: -1396
426-427: -149068
427-428: 142786
428-429: -5647
429-430: -132607
430-431: 149641
431-432: -448
432-433: -151381
433-434: 153033
434-435: -92983
435-436: 96256
436-437: -4964
437-438: 6206
438-439: -4329
439-440: -16474
440-441: -113599
441-442: 131727
442-443: -137068
443-444: 140042
444-445: -622
445-446: -1208
446-447: -36009
447-448: 48212
448-449: -105272
449-450: -14499
450-451: 105964
451-452: -58201
452-453: -62986
453-454: 30869
454-455: 89300
455-456: -128461
456-457: 101916
457-458: 6765
458-459: 21612
459-460: -5302
460-461: -20995
461-462: 25820
462-463: 389
463-464: -5632
464-465: 4465
465-466: -99239
466-467: 107342
467-468: -16092
468-469: 13896
469-470: -119656
470-471: -5462
471-472: 121004
472-473: -5422
473-474: -4085
474-475: -10387
475-476: -118311
476-477: 140606
477-478: -7419
478-479: -51754
479-480: 60021
480-481: -9983
481-482: -71201
482-483: 34227
483-484: 43373
484-485: -30861
485-486: 12790
486-487: 16931
487-488: -44758
488-489: -52867
489-490: -11818
490-491: 110592
491-492: -44080
492-493: -45873
493-494: 87114
494-495: -11838
495-496: 14669
496-497: -995
497-498: -7363
498-499: -120219
499-500: 127507
500-501: -6570
501-502: -64789
502-503: -13752
503-504: -25335
504-505: 2072
505-506: 92872
506-507: 19729
507-508: -107201
508-509: 64983
509-510: 22900
510-511: -61931
511-512: 74190
512-513: -149095
513-514: 146511
514-515: -32230
515-516: 34514
516-517: -81879
517-518: 84306
518-519: -69496
519-520: 65659
520-521: 11480
521-522: -73178
522-523: 71980
523-524: -1178
524-525: -31122
525-526: 32976
526-527: -16065
527-528: -31207
528-529: 33172
529-530: 6713
530-531: 2399
531-532: -67935
532-533: 65123
533-534: -2432
534-535: 2773
535-536: -7176
536-537: 5291
537-538: 6136
538-539: -42780
539-540: 4689
540-541: -24481
541-542: -27958
542-543: 31870
543-544: 29558
544-545: -58337
545-546: -6028
546-547: 31321
547-548: -25723
548-549: -8597
549-550: 74812
550-551: -66023
551-552: 11469
552-553: -11251
553-554: -16997
554-555: 101411
555-556: -98426
556-557: 86715
557-558: -57904
558-559: -58584
559-560: 24713
560-561: -107
561-562: 987
562-563: -695
563-564: 5956
564-565: 47407
565-566: -31419
566-567: 2064
567-568: 81520
568-569: -9334
569-570: -102537
570-571: 100740
571-572: 1127
572-573: -99121
573-574: 108508
574-575: -833
575-576: -13438
576-577: -66386
577-578: 35161
578-579: 47642
579-580: -59166
580-581: -100499
581-582: -4997
582-583: 118568
583-584: 36075
584-585: 12487
585-586: -133420
586-587: 121736
587-588: -409
588-589: 10621
589-590: 2885
590-591: -1092
591-592: 852
592-593: -7561
593-594: -41264
594-595: 888
595-596: 46120
596-597: -73091
597-598: 59674
598-599: 2351
599-600: -82073
600-601: 84752
601-602: -3274
602-603: -55030
603-604: 63704
604-605: -149339
605-606: 120022
606-607: -110541
607-608: 147400
608-609: -12297
609-610: -16783
610-611: -141707
611-612: 164002
612-613: -2122
613-614: -4827
614-615: 3015
615-616: -9853
616-617: -6860
617-618: 4904
618-619: 12197
619-620: -2537
620-621: 5414
621-622: -19695
622-623: -135368
623-624: 155228
624-625: -2888
625-626: 535
626-627: -5168
627-628: -94619
628-629: 83197
629-630: -9317
630-631: 24834
631-632: -3477
632-633: 5297
633-634: -1671
634-635: -7487
635-636: -152152
636-637: 121454
637-638: 35940
638-639: 11060
639-640: -166753
640-641: 139922
641-642: -90460
642-643: 112200
643-644: -51630
644-645: 30885
645-646: -4053
646-647: -10162
647-648: 33308
648-649: 4335
649-650: -1245
650-651: -16588
651-652: -92464
652-653: 66716
653-654: 37322
654-655: -76653
655-656: 80303
656-657: -60075
657-658: 56252
658-659: -8988
659-660: -35038
660-661: 39463
661-662: -2046
662-663: -150775
663-664: 134020
664-665: 28718
665-666: -35864
666-667: -58946
667-668: 56860
668-669: -52602
669-670: 84749
670-671: -793
671-672: 3367
672-673: -9452
673-674: 9010
674-675: 821
675-676: -7692
676-677: 8466
677-678: -742
678-679: -11661
679-680: -56212
680-681: 61343
681-682: -36957
682-683: 43964
683-684: -89207
684-685: 85828
685-686: -5876
686-687: -19893
687-688: 25050
688-689: -5021
689-690: -52422
690-691: 15705
691-692: 41717
692-693: -23953
693-694: 20455
694-695: -12503
695-696: 15608
696-697: -132409
697-698: 132479
698-699: -39144
699-700: 45286
700-701: -15016
701-702: -50600
702-703: 52729
703-704: 13897
704-705: -10812
705-706: -51525
706-707: 58449
707-708: -105916
708-709: 107320
709-710: -1039
710-711: -55114
711-712: 3946
712-713: 56660
713-714: -132529
714-715: 43057
715-716: 67697
716-717: -137936
717-718: 145760
718-719: -910
719-720: 10886
720-721: -87610
721-722: 80706
722-723: -4693
723-724: -12509
724-725: 19802
725-726: 1780
726-727: -85064
727-728: 45643
728-729: -52214
729-730: 90926
730-731: -1467
731-732: -673
732-733: -108857
733-734: 102210
734-735: 6989
735-736: -37071
736-737: 36675
737-738: -7715
738-739: 11849
739-740: -37043
740-741: 27399
741-742: 12677
742-743: -6396
743-744: 373
744-745: -3345
745-746: -22475
746-747: 28727
747-748: -8457
748-749: -39261
749-750: 40424
750-751: -8733
751-752: 13385
752-753: -59319
753-754: -6998
754-755: 65663
755-756: 2950
756-757: -4775
757-758: -9230
758-759: 14783
759-760: -67043
760-761: 49491
761-762: 17090
762-763: -6559
763-764: 2470
764-765: 10809
765-766: -1997
766-767: -9779
767-768: -114166
768-769: 109963
769-770: 9404
770-771: -5837
771-772: 5634
772-773: -81662
773-774: 83579
774-775: -2446
775-776: 6990
776-777: -5068
777-778: -58049
778-779: 55519
779-780: -68327
780-781: 72467
781-782: -147863
782-783: 146450
783-784: -84315
784-785: 39177
785-786: 38171
786-787: -156487
787-788: 158376
788-789: -4614
789-790: -53985
790-791: 26936
791-792: 28974
792-793: -66263
793-794: 59704
794-795: -20568
795-796: -85918
796-797: 49616
797-798: 68138
798-799: 1444
799-800: 2496
800-801: -2962
801-802: -7646
802-803: -11643
803-804: 2215
804-805: 6863
805-806: -6468
806-807: -142894
807-808: 87072
808-809: 73589
809-810: -3238
810-811: -102
811-812: -11363
812-813: 15998
813-814: -5432
814-815: -1193
815-816: -16760
816-817: -12960
817-818: 29193
818-819: -35475
819-820: 34356
820-821: -3085
821-822: -56676
822-823: 22160
823-824: -118355
824-825: 141686
825-826: 16517
826-827: -4842
827-828: 10126
828-829: -145783
829-830: 116814
830-831: -45156
831-832: 75328
832-833: -20759
833-834: -5659
834-835: 21814
835-836: 1517
836-837: 22
837-838: -153249
838-839: 118391
839-840: 16564
840-841: 17716
841-842: -10129
842-843: 2510
843-844: -113225
844-845: 122849
845-846: -4431
846-847: 6504
847-848: -25336
848-849: -103085
849-850: -5587
850-851: 129055
851-852: 2856
852-853: -77759
853-854: 78568
854-855: -2014
855-856: -8413
856-857: -64615
857-858: 73519
858-859: 845
859-860: -109362
860-861: 34121
861-862: 18335
862-863: 465
863-864: -73150
864-865: 22146
865-866: 15732
866-867: 94964
867-868: -125447
868-869: 89395
869-870: 26470
870-871: -9699
871-872: -40287
872-873: -44825
873-874: 102215
874-875: -1629
875-876: -2377
876-877: -11430
877-878: 3861
878-879: -8839
879-880: -138069
880-881: 133010
881-882: 18102
882-883: -98533
883-884: 104858
884-885: -112513
885-886: 111558
886-887: -88391
887-888: 56239
888-889: -14402
889-890: 17977
890-891: -23460
891-892: 25091
892-893: 13209
893-894: -53072
894-895: 67593
895-896: -12286
896-897: -96403
897-898: 1762
898-899: 42181
899-900: 64563
900-901: -2803
901-902: -12125
902-903: 11183
903-904: -25253
904-905: -100390
905-906: 68135
906-907: -40380
907-908: 53707
908-909: -66236
909-910: 45205
910-911: -44576
911-912: 106816
912-913: 2490
913-914: 6873
914-915: -246
915-916: -9364
916-917: -8856
917-918: -48287
918-919: 66638
919-920: -576
920-921: -4618
921-922: 4845
922-923: -1576
923-924: -13519
924-925: 5764
925-926: -130030
926-927: 92648
927-928: -58367
928-929: -53631
929-930: -3249
930-931: 162207
931-932: -2993
932-933: -148269
933-934: 33119
934-935: -23539
935-936: 95702
936-937: -356
937-938: 40148
938-939: -49643
939-940: -12658
940-941: 52365
941-942: -92781
942-943: 100288
943-944: -45957
944-945: 44816
945-946: 11371
946-947: -87121
947-948: 77495
948-949: -33998
949-950: -1805
950-951: 6901
951-952: -51241
952-953: -18426
953-954: 82576
954-955: -113159
955-956: 101549
956-957: -46592
957-958: 16826
958-959: 638
959-960: -89386
960-961: 130336
961-962: 707
962-963: 3446
963-964: -66890
964-965: 79167
965-966: -131500
966-967: 124588
967-968: -37554
968-969: 49120
969-970: -97948
970-971: 102096
971-972: -3980
972-973: 4454
973-974: -14248
974-975: 3720
975-976: 937
976-977: -91165
977-978: -58500
978-979: 30393
979-980: 38707
980-981: -33173
981-982: 121926
982-983: -855
983-984: -145576
984-985: -14293
985-986: 155357
986-987: -38019
987-988: 39483
988-989: 6368
989-990: -124098
990-991: 97860
991-992: 18728
992-993: -4513
993-994: -7029
994-995: -147017
995-996: 11024
996-997: 121727
997-998: 24385
998-999: -91642
999-1000: 84027
1000-1001: 8381
1001-1002: -688
1002-1003: -13203
1003-1004: 3365
1004-1005: 5265
1005-1006: -28240
1006-1007: 30847
1007-1008: -12541
1008-1009: 19229
1009-1010: -8223
1010-1011: -8481
1011-1012: -2179
1012-1013: 12202
1013-1014: -6057
1014-1015: -112684
1015-1016: -25909
1016-1017: 140182
1017-1018: -99721
1018-1019: 109938
1019-1020: -130439
1020-1021: 52229
1021-1022: 51117
1022-1023: 24435
1023-1024: -5105
1024-1025: 10306
1025-1026: -10365
1026-1027: -9894
1027-1028: -61160
1028-1029: 21538
1029-1030: 32704
1030-1031: 23639
1031-1032: 860
1032-1033: -13890
1033-1034: 12889
1034-1035: 5074
1035-1036: -100696
1036-1037: 92201
1037-1038: -20989
1038-1039: -28469
1039-1040: -76975
1040-1041: 127061
1041-1042: -21446
1042-1043: -55609
1043-1044: 65292
1044-1045: 12467
1045-1046: 2592
1046-1047: 2387
1047-1048: -139441
1048-1049: 83522
1049-1050: 39488
1050-1051: 15237
1051-1052: -139030
1052-1053: 137675
1053-1054: -3261
1054-1055: -37126
1055-1056: 42105
1056-1057: 4578
1057-1058: -2749
1058-1059: -11134
1059-1060: -15917
1060-1061: 19707
1061-1062: 3584
1062-1063: -2674
1063-1064: -40145
1064-1065: 44512
1065-1066: -8323
1066-1067: 7024
1067-1068: 1792
1068-1069: -1301
1069-1070: 3642
1070-1071: -347
1071-1072: -98825
1072-1073: 92996
1073-1074: -6608
1074-1075: -59224
1075-1076: 69806
1076-1077: -70175
1077-1078: 65163
1078-1079: 6415
1079-1080: -9224
1080-1081: 10024
1081-1082: -5494
1082-1083: -2124
1083-1084: 7744
1084-1085: 75
1085-1086: -2283
1086-1087: 3904
1087-1088: -3713
1088-1089: -1498
1089-1090: 3507
1090-1091: -2270
1091-1092: 1230
1092-1093: -2860
1093-1094: -7868
1094-1095: -6207
1095-1096: -10208
1096-1097: 21947
1097-1098: 2830
1098-1099: -166
1099-1100: -73512
1100-1101: 63673
1101-1102: -148381
1102-1103: 88996
1103-1104: 67171
1104-1105: -135943
1105-1106: 113366
1106-1107: 28151
1107-1108: -9584
1108-1109: 5008
1109-1110: -111942
1110-1111: 105556
1111-1112: -3932
1112-1113: 12489
1113-1114: -6408
1114-1115: -98509
1115-1116: 79322
1116-1117: 20867
1117-1118: -5923
1118-1119: -12701
1119-1120: -114655
1120-1121: 135571
1121-1122: -101699
1122-1123: 99691
1123-1124: -22606
1124-1125: -137148
1125-1126: 54176
1126-1127: 97612
1127-1128: 10765
1128-1129: -14514
1129-1130: 16100
1130-1131: -41482
1131-1132: 30366
1132-1133: 2737
1133-1134: -994
1134-1135: -4166
1135-1136: -17514
1136-1137: -70020
1137-1138: 97692
1138-1139: -4220
1139-1140: 5877
1140-1141: -63680
1141-1142: 60038
1142-1143: -25470
1143-1144: 8777
1144-1145: 440
1145-1146: 4501
1146-1147: -16102
1147-1148: -20835
1148-1149: -7723
1149-1150: 35400
1150-1151: 4893
1151-1152: 16316
1152-1153: 6118
1153-1154: -71247
1154-1155: 65620
1155-1156: -123035
1156-1157: 128807
1157-1158: -3762
1158-1159: -9180
1159-1160: -126272
1160-1161: 135992
1161-1162: -85620
1162-1163: 12617
1163-1164: 63275
1164-1165: 8718
1165-1166: -2859
1166-1167: 4488
1167-1168: -17113
1168-1169: 1955
1169-1170: 846
1170-1171: -118530
1171-1172: 137318
1172-1173: 1518
1173-1174: -75473
1174-1175: 65231
1175-1176: -10363
1176-1177: -8989
1177-1178: 13916
1178-1179: 9805
1179-1180: -138775
1180-1181: 107587
1181-1182: 32657
1182-1183: -65
1183-1184: -25018
1184-1185: -46642
1185-1186: 45164
1186-1187: 956
1187-1188: 18363
1188-1189: -8335
1189-1190: -150618
1190-1191: 79201
1191-1192: 70984
1192-1193: -25596
1193-1194: 23636
1194-1195: 11991
1195-1196: -14140
1196-1197: 4710
1197-1198: 14450
1198-1199: -3808
1199-1200: -1795
1200-1201: 6434
1201-1202: -138108
1202-1203: -12792
1203-1204: 57277
1204-1205: 92331
1205-1206: 1022
1206-1207: -897
1207-1208: -13132
1208-1209: 10660
1209-1210: -5948
1210-1211: 5381
1211-1212: -11524
1212-1213: -122459
1213-1214: 134672
1214-1215: 8099
1215-1216: -15620
1216-1217: -10122
1217-1218: 15650
1218-1219: -223
1219-1220: 6409
1220-1221: -98328
1221-1222: 90169
1222-1223: -22563
1223-1224: -97735
1224-1225: 93302
1225-1226: -129242
1226-1227: 162498
1227-1228: -14543
1228-1229: 7056
1229-1230: -122452
1230-1231: 113628
1231-1232: 9484
1232-1233: -14563
1233-1234: -83519
1234-1235: 81774
1235-1236: 12206
1236-1237: 6919
1237-1238: 5693
1238-1239: -6602
1239-1240: -127284
1240-1241: 126005
1241-1242: -126071
1242-1243: 125322
1243-1244: -7852
1244-1245: -22815
1245-1246: 37980
1246-1247: -39224
1247-1248: 34071
1248-1249: -6303
1249-1250: 11265
1250-1251: -3753
1251-1252: -1902
1252-1253: -42879
1253-1254: 47168
1254-1255: -8240
1255-1256: -4415
1256-1257: 8797
1257-1258: -7249
1258-1259: 4251
1259-1260: -48939
1260-1261: -105995
1261-1262: 158795
1262-1263: 4872
1263-1264: -3252
1264-1265: -17815
1265-1266: 17900
1266-1267: -7429
1267-1268: -51535
1268-1269: -65498
1269-1270: 127362
1270-1271: -88541
1271-1272: 42824
1272-1273: -46366
1273-1274: 95706
1274-1275: -8167
1275-1276: -9232
1276-1277: -6020
1277-1278: -33995
1278-1279: 45513
1279-1280: 7166
1280-1281: 606
1281-1282: -5155
1282-1283: -15665
1283-1284: -58575
1284-1285: 60849
1285-1286: 4954
1286-1287: 19037
1287-1288: -47985
1288-1289: 49739
1289-1290: -161886
1290-1291: 83069
1291-1292: 61800
1292-1293: 20072
1293-1294: -16719
1294-1295: 3334
1295-1296: 324
1296-1297: -17253
1297-1298: 18145
1298-1299: -1900
1299-1300: -138972
1300-1301: 117299
1301-1302: 21923
1302-1303: -4044
1303-1304: 7493
1304-1305: 1300
1305-1306: -46787
1306-1307: 43562
1307-1308: -13790
1308-1309: -58421
1309-1310: 66193
1310-1311: -149331
1311-1312: 151513
1312-1313: -2692
1313-1314: 4342
1314-1315: 6813
1315-1316: -3260
1316-1317: -1882
1317-1318: 986
1318-1319: -74951
1319-1320: 67721
1320-1321: 6689
1321-1322: -115441
1322-1323: 113315
1323-1324: 6995
1324-1325: -41657
1325-1326: 38575
1326-1327: -161532
1327-1328: 142867
1328-1329: 18423
1329-1330: -1540
1330-1331: 1241
1331-1332: -16075
1332-1333: 8825
1333-1334: 9805
1334-1335: -34818
1335-1336: 26233
1336-1337: -38147
1337-1338: 39320
1338-1339: 6158
1339-1340: -6697
1340-1341: 3873
1341-1342: 2080
1342-1343: 187
1343-1344: -2143
1344-1345: -113240
1345-1346: 112557
1346-1347: -5247
1347-1348: -26184
1348-1349: 34036
1349-1350: -130
1350-1351: -9203
1351-1352: 8513
1352-1353: -4214
1353-1354: 325
1354-1355: 4612
1355-1356: 498
1356-1357: -3568
1357-1358: -23044
1358-1359: 22695
1359-1360: -156204
1360-1361: 139053
1361-1362: 20004
1362-1363: -30012
1363-1364: 30956
1364-1365: -13034
1365-1366: -98795
1366-1367: 105272
1367-1368: -94215
1368-1369: 96806
1369-1370: 3807
1370-1371: 3478
1371-1372: -158865
1372-1373: 157603
1373-1374: -95079
1374-1375: -15637
1375-1376: 14742
1376-1377: 85695
1377-1378: 4327
1378-1379: -295
1379-1380: 2421
1380-1381: 3884
1381-1382: -7961
1382-1383: -6270
1383-1384: -128772
1384-1385: 139917
1385-1386: -25288
1386-1387: 26670
1387-1388: -1392
1388-1389: 4156
1389-1390: 2230
1390-1391: -6765
1391-1392: -117868
1392-1393: 123295
1393-1394: -164568
1394-1395: 157343
1395-1396: -5545
1396-1397: -789
1397-1398: 11597
1398-1399: -56627
1399-1400: 55935
1400-1401: -178422
1401-1402: 181549
1402-1403: -59028
1403-1404: -24952
1404-1405: 71942
1405-1406: 1287
1406-1407: 8455
1407-1408: -109007
1408-1409: 100135
1409-1410: 6113
1410-1411: -45346
1411-1412: 32185
1412-1413: 3118
1413-1414: -112949
1414-1415: 112644
1415-1416: -25016
1416-1417: -110377
1417-1418: 145583
1418-1419: -2946
1419-1420: -30084
1420-1421: 12184
1421-1422: -29647
1422-1423: 24351
1423-1424: 6819
1424-1425: -18222
1425-1426: 32431
4: 1436
1664-1665: -4813
1665-1666: 6422
1666-1667: -53360
1667-1668: 35763
1668-1669: 14497
1669-1670: -2346
1670-1671: -66558
1671-1672: 66943
1672-1673: -9086
1673-1674: -74357
1674-1675: 75963
1675-1676: -62367
1676-1677: 59119
1677-1678: -119919
1678-1679: 138879
1679-1680: -2857
1680-1681: 2815
1681-1682: -15117
1682-1683: -2599
1683-1684: 12624
1684-1685: 1223
1685-1686: 5416
1686-1687: -8363
1687-1688: 38
1688-1689: 4354
1689-1690: -11216
1690-1691: 14962
1691-1692: -8723
1692-1693: 8206
1693-1694: -1004
1694-1695: -48601
1695-1696: 35770
1696-1697: -15284
1697-1698: 21411
1698-1699: 7628
1699-1700: -910
1700-1701: -5666
1701-1702: 922
1702-1703: -24191
1703-1704: -9864
1704-1705: 32114
1705-1706: 3360
1706-1707: -23217
1707-1708: 17603
1708-1709: 4506
1709-1710: 3039
1710-1711: -5714
1711-1712: 5949
1712-1713: -720
1713-1714: 576
1714-1715: -31952
1715-1716: 25854
1716-1717: -4511
1717-1718: 2746
1718-1719: -7668
1719-1720: 16860
1720-1721: -24194
1721-1722: 9543
1722-1723: -2106
1723-1724: 16846
1724-1725: 979
1725-1726: -85124
1726-1727: 84880
1727-1728: -9247
1728-1729: 5240
1729-1730: -104609
1730-1731: 108530
1731-1732: -64757
1732-1733: 21177
1733-1734: -5201
1734-1735: 31404
1735-1736: -69818
1736-1737: 75541
1737-1738: 3482
1738-1739: 11794
1739-1740: -9023
1740-1741: -138416
1741-1742: 122169
1742-1743: 5294
1743-1744: -54482
1744-1745: -43119
1745-1746: 97212
1746-1747: 16055
1747-1748: -99647
1748-1749: 85879
1749-1750: -17794
1750-1751: 21206
1751-1752: 7121
1752-1753: -5121
1753-1754: 368
1754-1755: 1364
1755-1756: -8432
1756-1757: 17908
1757-1758: -4299
1758-1759: 4584
1759-1760: -6051
1760-1761: -14699
1761-1762: 17971
1762-1763: -42623
1763-1764: 41987
1764-1765: -1104
1765-1766: 247
1766-1767: -5198
1767-1768: 5308
1768-1769: -10989
1769-1770: 13180
1770-1771: -22436
1771-1772: 14669
1772-1773: -37605
1773-1774: 42126
1774-1775: -1232
1775-1776: -64038
1776-1777: 67075
1777-1778: -3389
1778-1779: -10993
1779-1780: 6976
1780-1781: -42445
1781-1782: 47474
1782-1783: -138812
1783-1784: 139573
1784-1785: -81487
1785-1786: 80754
1786-1787: -114033
1787-1788: 119209
1788-1789: -155096
1789-1790: 157705
1790-1791: -143868
1791-1792: 127260
1792-1793: -4724
1793-1794: 1537
1794-1795: 1922
1795-1796: -90092
1796-1797: 105278
1797-1798: -4515
1798-1799: 2531
1799-1800: 611
1800-1801: -14165
1801-1802: 14777
1802-1803: -2256
1803-1804: -31431
1804-1805: 27433
1805-1806: -5989
1806-1807: 8977
1807-1808: -13213
1808-1809: 5062
1809-1810: -94239
1810-1811: -27972
1811-1812: 130662
1812-1813: -15395
1813-1814: -68933
1814-1815: 72731
1815-1816: -75391
1816-1817: -52701
1817-1818: 141608
1818-1819: -7607
1819-1820: -80195
1820-1821: 76557
1821-1822: 16119
1822-1823: -11989
1823-1824: 7156
1824-1825: -66122
1825-1826: 56614
1826-1827: 4751
1827-1828: 934
1828-1829: -131645
1829-1830: -11303
1830-1831: 123187
1831-1832: 28846
1832-1833: -6993
1833-1834: -146472
1834-1835: 139608
1835-1836: 1349
1836-1837: -2239
1837-1838: -21796
1838-1839: -24866
1839-1840: 50982
1840-1841: -57052
1841-1842: -3342
1842-1843: 59876
1843-1844: 4674
1844-1845: -15738
1845-1846: 13502
1846-1847: -4014
1847-1848: -3231
1848-1849: 7861
1849-1850: -76699
1850-1851: 66215
1851-1852: 6273
1852-1853: 4859
1853-1854: -45902
1854-1855: 44104
1855-1856: -310
1856-1857: -1784
1857-1858: 871
1858-1859: -95894
1859-1860: -10510
1860-1861: 46314
1861-1862: 66515
1862-1863: -25051
1863-1864: -77984
1864-1865: 91684
1865-1866: 2001
1866-1867: 1730
1867-1868: -138879
1868-1869: 144610
1869-1870: 2412
1870-1871: -3701
1871-1872: -9959
1872-1873: 4285
1873-1874: -131033
1874-1875: 135938
1875-1876: -1197
1876-1877: -11203
1877-1878: 15224
1878-1879: -6494
1879-1880: -76271
1880-1881: -19693
1881-1882: 8810
1882-1883: 82870
1883-1884: -117717
1884-1885: 121256
1885-1886: 8512
1886-1887: -21640
1887-1888: -102545
1888-1889: 117724
1889-1890: -14440
1890-1891: 16842
1891-1892: -84032
1892-1893: 55179
1893-1894: 4640
1894-1895: 23902
1895-1896: 32
1896-1897: 4537
1897-1898: -14939
1898-1899: -124617
1899-1900: 34013
1900-1901: -2219
1901-1902: 43121
1902-1903: 61050
1903-1904: -98354
1904-1905: 35986
1905-1906: 60789
1906-1907: 5579
1907-1908: -78229
1908-1909: 57894
1909-1910: 10869
1910-1911: 10774
1911-1912: -2167
1912-1913: -90220
1913-1914: 84206
1914-1915: -86026
1915-1916: 89489
1916-1917: -4009
1917-1918: -20335
1918-1919: 10905
1919-1920: -124183
1920-1921: 132987
1921-1922: 2598
1922-1923: -4670
1923-1924: -35839
1924-1925: 28903
1925-1926: -140222
1926-1927: 112029
1927-1928: -7958
1928-1929: -51129
1929-1930: 39517
1930-1931: -43790
1931-1932: 101726
1932-1933: -52176
1933-1934: -3809
1934-1935: 55229
1935-1936: 9414
1936-1937: -11518
1937-1938: -79459
1938-1939: 83223
1939-1940: 1055
1940-1941: -7587
1941-1942: 11138
1942-1943: -37524
1943-1944: 30315
1944-1945: 2575
1945-1946: -2165
1946-1947: 2381
1947-1948: -43687
1948-1949: 5978
1949-1950: 41613
1950-1951: -77654
1951-1952: 67233
1952-1953: -1247
1953-1954: 6670
1954-1955: -28502
1955-1956: -13330
1956-1957: -49040
1957-1958: 90157
1958-1959: -532
1959-1960: -32443
1960-1961: 35184
1961-1962: -19856
1962-1963: -18075
1963-1964: 34566
1964-1965: 2835
1965-1966: -6722
1966-1967: -22417
1967-1968: -34001
1968-1969: -7299
1969-1970: 22256
1970-1971: 51226
1971-1972: 2061
1972-1973: -4763
1973-1974: -53950
1974-1975: 28879
1975-1976: -98048
1976-1977: 127576
1977-1978: -79066
1978-1979: 51634
1979-1980: 26131
1980-1981: -46710
1981-1982: 25358
1982-1983: -1032
1983-1984: 24074
1984-1985: -34717
1985-1986: 30591
1986-1987: -32741
1987-1988: -78480
1988-1989: 116537
1989-1990: -14139
1990-1991: -96820
1991-1992: 35210
1992-1993: -4113
1993-1994: 56512
1994-1995: 15560
1995-1996: -60233
1996-1997: 64129
1997-1998: -35980
1998-1999: -104893
1999-2000: 140068
2000-2001: -889
2001-2002: -68907
2002-2003: 64461
2003-2004: -96129
2004-2005: -8660
2005-2006: 560
2006-2007: 570
2007-2008: 112322
2008-2009: -44188
2009-2010: -62757
2010-2011: 68766
2011-2012: 34706
2012-2013: -1432
2013-2014: -33752
2014-2015: 12867
2015-2016: 20670
2016-2017: -3648
2017-2018: 6611
2018-2019: -23842
2019-2020: 1620
2020-2021: -110307
2021-2022: 127245
2022-2023: 3339
2023-2024: -2677
2024-2025: -16128
2025-2026: -87633
2026-2027: 112680
2027-2028: -9245
2028-2029: -18882
2029-2030: -134487
2030-2031: 144462
2031-2032: -91814
2032-2033: 97218
2033-2034: -69282
2034-2035: 1368
2035-2036: -58428
2036-2037: 111054
2037-2038: 183
2038-2039: -81288
2039-2040: 104179
2040-2041: -9776
2041-2042: -17286
2042-2043: 30097
2043-2044: -18813
2044-2045: 15951
2045-2046: -160588
2046-2047: 161616
2047-2048: -3035
2048-2049: 5176
2049-2050: -103609
2050-2051: 96064
2051-2052: -11231
2052-2053: -88487
2053-2054: 102208
2054-2055: 445
2055-2056: -62169
2056-2057: -19119
2057-2058: -6171
2058-2059: 2223
2059-2060: -22738
2060-2061: -44101
2061-2062: 8162
2062-2063: 127559
2063-2064: -75633
2064-2065: 83608
2065-2066: 5821
2066-2067: 985
2067-2068: 11348
2068-2069: -2165
2069-2070: -335
2070-2071: -19497
2071-2072: 16349
2072-2073: -5138
2073-2074: 640
2074-2075: 6263
2075-2076: -11661
2076-2077: 5796
2077-2078: 1792
2078-2079: -2187
2079-2080: 6418
2080-2081: -118666
2081-2082: 114329
2082-2083: 4667
2083-2084: -64806
2084-2085: -24545
2085-2086: 82834
2086-2087: -48130
2087-2088: 52735
2088-2089: -2991
2089-2090: -3568
2090-2091: 9360
2091-2092: -117950
2092-2093: 107455
2093-2094: 4284
2094-2095: 6932
2095-2096: -4783
2096-2097: -3395
2097-2098: -4714
2098-2099: 5348
2099-2100: 1009
2100-2101: -2944
2101-2102: -136455
2102-2103: 140091
2103-2104: 1389
2104-2105: 3519
2105-2106: -7848
2106-2107: -158897
2107-2108: 164219
2108-2109: -1702
2109-2110: 654
2110-2111: -126407
2111-2112: 126556
2112-2113: -8917
2113-2114: 12122
2114-2115: -61172
2115-2116: 60323
2116-2117: -3316
2117-2118: -137663
2118-2119: 122968
2119-2120: 16774
2120-2121: 2281
2121-2122: -13808
2122-2123: 6724
2123-2124: 1088
2124-2125: 1013
2125-2126: -38927
2126-2127: -36976
2127-2128: 72483
2128-2129: -72360
2129-2130: 72188
2130-2131: 4261
2131-2132: -4765
2132-2133: 510
2133-2134: -19562
2134-2135: 10942
2135-2136: 5878
2136-2137: -47780
2137-2138: 53016
2138-2139: -99516
2139-2140: 87057
2140-2141: 10061
2141-2142: -4730
2142-2143: -117991
2143-2144: 124869
2144-2145: -25008
2145-2146: -116626
2146-2147: 74010
2147-2148: 69656
2148-2149: -15511
2149-2150: -86
2150-2151: -50049
2151-2152: 62246
2152-2153: -23448
2153-2154: 14292
2154-2155: -71288
2155-2156: 78517
2156-2157: 5880
2157-2158: -689
2158-2159: 179
2159-2160: -23803
2160-2161: -84674
2161-2162: 85562
2162-2163: -72923
2163-2164: 91104
2164-2165: -105922
2165-2166: -36120
2166-2167: 19750
2167-2168: 116759
2168-2169: -4073
2169-2170: 15105
2170-2171: -10684
2171-2172: -111837
2172-2173: -18412
2173-2174: 137223
2174-2175: -4071
2175-2176: 3194
2176-2177: -13296
2177-2178: 13344
2178-2179: -8122
2179-2180: 1328
2180-2181: -5465
2181-2182: 20501
2182-2183: -62692
2183-2184: 50970
2184-2185: -140963
2185-2186: 141926
2186-2187: -92066
2187-2188: -49612
2188-2189: 145328
2189-2190: -1250
2190-2191: -130094
2191-2192: 131216
2192-2193: -74566
2193-2194: -14003
2194-2195: 91619
2195-2196: 3408
2196-2197: -107469
2197-2198: 99141
2198-2199: -13331
2199-2200: 10118
2200-2201: -881
2201-2202: -99070
2202-2203: 12808
2203-2204: 89581
2204-2205: -19751
2205-2206: -29926
2206-2207: 47323
2207-2208: -52866
2208-2209: 26574
2209-2210: 29700
2210-2211: 3289
2211-2212: -36406
2212-2213: 33309
2213-2214: -103
2214-2215: -5986
2215-2216: -124072
2216-2217: 130596
2217-2218: -44113
2218-2219: 41194
2219-2220: 5718
2220-2221: -71445
2221-2222: 71390
2222-2223: -73543
2223-2224: -26763
2224-2225: 95746
2225-2226: -5253
2226-2227: 5011
2227-2228: 621
2228-2229: -9331
2229-2230: 12799
2230-2231: -43007
2231-2232: 43110
2232-2233: -15066
2233-2234: 1197
2234-2235: -19544
2235-2236: 24811
2236-2237: -12388
2237-2238: 17158
2238-2239: 5652
2239-2240: -878
2240-2241: -27112
2241-2242: 18241
2242-2243: -23700
2243-2244: 27015
2244-2245: 4462
2245-2246: -1196
2246-2247: -2842
2247-2248: -72727
2248-2249: 82404
2249-2250: -6877
2250-2251: -4116
2251-2252: 9276
2252-2253: -3785
2253-2254: -4538
2254-2255: -79784
2255-2256: -21129
2256-2257: 103118
2257-2258: -93885
2258-2259: 42271
2259-2260: 57143
2260-2261: -70246
2261-2262: 74518
2262-2263: -51795
2263-2264: 2686
2264-2265: 18786
2265-2266: 10455
2266-2267: 13824
2267-2268: -49586
2268-2269: 53858
2269-2270: 846
2270-2271: -1914
2271-2272: -108130
2272-2273: 98873
2273-2274: -23934
2274-2275: 25610
2275-2276: 5354
2276-2277: 1670
2277-2278: -45814
2278-2279: 8131
2279-2280: -63455
2280-2281: -3524
2281-2282: 96509
2282-2283: 4575
2283-2284: -144553
2284-2285: 149464
2285-2286: -114266
2286-2287: 106864
2287-2288: -132508
2288-2289: 13593
2289-2290: 110148
2290-2291: 14713
2291-2292: -14612
2292-2293: -21668
2293-2294: 24437
2294-2295: -19453
2295-2296: 24516
2296-2297: -153559
2297-2298: 156673
2298-2299: -12531
2299-2300: 8534
2300-2301: -7586
2301-2302: -109544
2302-2303: 75499
2303-2304: 36683
2304-2305: -6149
2305-2306: -34189
2306-2307: 42383
2307-2308: -148304
2308-2309: 83207
2309-2310: -765
2310-2311: 29161
2311-2312: -88407
2312-2313: 101796
2313-2314: -87724
2314-2315: 117698
2315-2316: 410
2316-2317: -121424
2317-2318: 103265
2318-2319: 13729
2319-2320: 92
2320-2321: -264
2321-2322: -126213
2322-2323: 83647
2323-2324: 48605
2324-2325: 771
2325-2326: -8228
2326-2327: -12537
2327-2328: 10734
2328-2329: 6740
2329-2330: 3358
2330-2331: -65565
2331-2332: 53074
2332-2333: -90107
2333-2334: 97786
2334-2335: -3136
2335-2336: 10802
2336-2337: -4836
2337-2338: -4165
2338-2339: -698
2339-2340: 2421
2340-2341: 4038
2341-2342: -1260
2342-2343: -45351
2343-2344: -63941
2344-2345: 101402
2345-2346: 1186
2346-2347: -135463
2347-2348: 117763
2348-2349: 20360
2349-2350: -77521
2350-2351: 34082
2351-2352: 49799
2352-2353: -1852
2353-2354: -2609
2354-2355: 39
2355-2356: 3432
2356-2357: 753
2357-2358: -7688
2358-2359: -25880
2359-2360: 29889
2360-2361: 3544
2361-2362: -89618
2362-2363: -11737
2363-2364: 99727
2364-2365: -11656
2365-2366: -49678
2366-2367: 55705
2367-2368: 9243
2368-2369: -31809
2369-2370: -116043
2370-2371: 115162
2371-2372: 28977
2372-2373: -4401
2373-2374: -15591
2374-2375: 12731
2375-2376: 4767
2376-2377: 2743
2377-2378: -6895
2378-2379: -76201
2379-2380: 75264
2380-2381: -86222
2381-2382: 70600
2382-2383: 16532
2383-2384: -21618
2384-2385: -52637
2385-2386: 67033
2386-2387: 8421
2387-2388: -55710
2388-2389: 48051
2389-2390: -12654
2390-2391: 12619
2391-2392: 11471
2392-2393: 2162
2393-2394: -23389
2394-2395: 17332
2395-2396: 1745
